<?xml version="1.0" encoding="UTF-8"?>
<!-- Generated by org.testng.reporters.JUnitReportReporter -->
<testsuite hostname="DESKTOP-ORE7IBC" failures="0" tests="8" name="Test.Testclass" time="68.195" errors="0" timestamp="2024-05-31T10:31:39 IST" skipped="0">
  <testcase classname="Test.Testclass" name="tc07" time="8.379"/>
  <system-out>
    <![CDATA[----Tc name:Login negative test-invalid email and blank password]]>
  </system-out>
  <testcase classname="Test.Testclass" name="tc02" time="8.615"/>
  <system-out>
    <![CDATA[----Tc name:Login negative test-incorrect password]]>
  </system-out>
  <testcase classname="Test.Testclass" name="tc04" time="8.297"/>
  <system-out>
    <![CDATA[----Tc name:Login negative test-incorrect email]]>
  </system-out>
  <testcase classname="Test.Testclass" name="tc08" time="7.685"/>
  <system-out>
    <![CDATA[----Tc name:Login negative test-blank email and invalid password]]>
  </system-out>
  <testcase classname="Test.Testclass" name="tc05" time="7.922"/>
  <system-out>
    <![CDATA[----Tc name:Login negative test-incorrect email and incorect password]]>
  </system-out>
  <testcase classname="Test.Testclass" name="tc06" time="11.396"/>
  <system-out>
    <![CDATA[----Tc name:Login negative test-blank email and blank password]]>
  </system-out>
  <testcase classname="Test.Testclass" name="tc01" time="8.395"/>
  <system-out>
    <![CDATA[("----TC Name:Login Negative Test - Balnk Password----]]>
  </system-out>
  <testcase classname="Test.Testclass" name="tc03" time="7.506"/>
  <system-out>
    <![CDATA[----Tc name:Login negative test-blank email]]>
  </system-out>
</testsuite> <!-- Test.Testclass -->
